2020-11-04 15:18:02.954  INFO 16856 --- [main] com.example.demo.SareetaApplication      : Starting SareetaApplication on DESKTOP-HF5QGEK with PID 16856 (D:\Steven_Robyns\Git\udacity-jwd-c4-project\target\classes started by Steven Robyns in D:\Steven_Robyns\Git\udacity-jwd-c4-project)
2020-11-04 15:18:03.026  INFO 16856 --- [main] com.example.demo.SareetaApplication      : No active profile set, falling back to default profiles: default
2020-11-04 15:18:05.727  INFO 16856 --- [main] .s.d.r.c.RepositoryConfigurationDelegate : Bootstrapping Spring Data repositories in DEFAULT mode.
2020-11-04 15:18:05.954  INFO 16856 --- [main] .s.d.r.c.RepositoryConfigurationDelegate : Finished Spring Data repository scanning in 195ms. Found 4 repository interfaces.
2020-11-04 15:18:07.294  INFO 16856 --- [main] trationDelegate$BeanPostProcessorChecker : Bean 'org.springframework.transaction.annotation.ProxyTransactionManagementConfiguration' of type [org.springframework.transaction.annotation.ProxyTransactionManagementConfiguration$$EnhancerBySpringCGLIB$$bc7f3cf4] is not eligible for getting processed by all BeanPostProcessors (for example: not eligible for auto-proxying)
2020-11-04 15:18:09.057  INFO 16856 --- [main] o.s.b.w.embedded.tomcat.TomcatWebServer  : Tomcat initialized with port(s): 8080 (http)
2020-11-04 15:18:09.126  INFO 16856 --- [main] o.apache.catalina.core.StandardService   : Starting service [Tomcat]
2020-11-04 15:18:09.126  INFO 16856 --- [main] org.apache.catalina.core.StandardEngine  : Starting Servlet engine: [Apache Tomcat/9.0.19]
2020-11-04 15:18:09.580  INFO 16856 --- [main] o.a.c.c.C.[Tomcat].[localhost].[/]       : Initializing Spring embedded WebApplicationContext
2020-11-04 15:18:09.581  INFO 16856 --- [main] o.s.web.context.ContextLoader            : Root WebApplicationContext: initialization completed in 6423 ms
2020-11-04 15:18:10.400  INFO 16856 --- [main] com.zaxxer.hikari.HikariDataSource       : HikariPool-1 - Starting...
2020-11-04 15:18:10.847  INFO 16856 --- [main] com.zaxxer.hikari.HikariDataSource       : HikariPool-1 - Start completed.
2020-11-04 15:18:10.971  INFO 16856 --- [main] o.hibernate.jpa.internal.util.LogHelper  : HHH000204: Processing PersistenceUnitInfo [
	name: default
	...]
2020-11-04 15:18:11.174  INFO 16856 --- [main] org.hibernate.Version                    : HHH000412: Hibernate Core {5.3.10.Final}
2020-11-04 15:18:11.178  INFO 16856 --- [main] org.hibernate.cfg.Environment            : HHH000206: hibernate.properties not found
2020-11-04 15:18:11.519  INFO 16856 --- [main] o.hibernate.annotations.common.Version   : HCANN000001: Hibernate Commons Annotations {5.0.4.Final}
2020-11-04 15:18:11.819  INFO 16856 --- [main] org.hibernate.dialect.Dialect            : HHH000400: Using dialect: org.hibernate.dialect.H2Dialect
2020-11-04 15:18:13.236  INFO 16856 --- [main] j.LocalContainerEntityManagerFactoryBean : Initialized JPA EntityManagerFactory for persistence unit 'default'
2020-11-04 15:18:15.030  WARN 16856 --- [main] aWebConfiguration$JpaWebMvcConfiguration : spring.jpa.open-in-view is enabled by default. Therefore, database queries may be performed during view rendering. Explicitly configure spring.jpa.open-in-view to disable this warning
2020-11-04 15:18:15.219  INFO 16856 --- [main] o.s.s.web.DefaultSecurityFilterChain     : Creating filter chain: any request, [org.springframework.security.web.context.request.async.WebAsyncManagerIntegrationFilter@655621fd, org.springframework.security.web.context.SecurityContextPersistenceFilter@1cc41b77, org.springframework.security.web.header.HeaderWriterFilter@3d033453, org.springframework.web.filter.CorsFilter@77e9dca8, org.springframework.security.web.authentication.logout.LogoutFilter@4abbe41c, com.example.demo.security.JWTAuthenticationFilter@fcd0e8d, com.example.demo.security.JWTAuthorizationFilter@4e4d0a0b, org.springframework.security.web.savedrequest.RequestCacheAwareFilter@6e93b0e7, org.springframework.security.web.servletapi.SecurityContextHolderAwareRequestFilter@3095d401, org.springframework.security.web.authentication.AnonymousAuthenticationFilter@1a4083f6, org.springframework.security.web.session.SessionManagementFilter@e795a1d, org.springframework.security.web.access.ExceptionTranslationFilter@30ffb2a6, org.springframework.security.web.access.intercept.FilterSecurityInterceptor@4beae1e3]
2020-11-04 15:18:15.490  INFO 16856 --- [main] o.s.s.concurrent.ThreadPoolTaskExecutor  : Initializing ExecutorService 'applicationTaskExecutor'
2020-11-04 15:18:15.921  INFO 16856 --- [main] o.s.b.w.embedded.tomcat.TomcatWebServer  : Tomcat started on port(s): 8080 (http) with context path ''
2020-11-04 15:18:15.933  INFO 16856 --- [main] com.example.demo.SareetaApplication      : Started SareetaApplication in 13.935 seconds (JVM running for 16.037)
2020-11-04 15:23:05.744  INFO 16856 --- [http-nio-8080-exec-9] o.a.c.c.C.[Tomcat].[localhost].[/]       : Initializing Spring DispatcherServlet 'dispatcherServlet'
2020-11-04 15:23:05.745  INFO 16856 --- [http-nio-8080-exec-9] o.s.web.servlet.DispatcherServlet        : Initializing Servlet 'dispatcherServlet'
2020-11-04 15:23:05.761  INFO 16856 --- [http-nio-8080-exec-9] o.s.web.servlet.DispatcherServlet        : Completed initialization in 16 ms
2020-11-04 15:23:06.133  INFO 16856 --- [http-nio-8080-exec-9] c.e.demo.controllers.UserController      : {"EventDate":"Wed Nov 04 15:23:05 CET 2020", "EventType": "UserCreation", "EventMsg":"Success"}
2020-11-04 15:23:11.335  INFO 16856 --- [http-nio-8080-exec-8] c.e.demo.controllers.UserController      : {"EventDate":"Wed Nov 04 15:23:11 CET 2020", "EventType": "UserCreation", "EventMsg":"Success"}
2020-11-04 15:23:16.098  INFO 16856 --- [http-nio-8080-exec-7] c.e.demo.controllers.UserController      : {"EventDate":"Wed Nov 04 15:23:16 CET 2020", "EventType": "UserCreation", "EventMsg":"Success"}
2020-11-04 15:23:23.594  INFO 16856 --- [http-nio-8080-exec-6] c.e.demo.controllers.UserController      : {"EventDate":"Wed Nov 04 15:23:23 CET 2020", "EventType": "UserCreation", "EventMsg":"Failure"}
2020-11-04 15:23:27.944  INFO 16856 --- [http-nio-8080-exec-4] c.e.demo.controllers.UserController      : {"EventDate":"Wed Nov 04 15:23:27 CET 2020", "EventType": "UserCreation", "EventMsg":"Failure"}
2020-11-04 15:23:34.223  INFO 16856 --- [http-nio-8080-exec-2] c.e.demo.controllers.UserController      : {"EventDate":"Wed Nov 04 15:23:34 CET 2020", "EventType": "UserCreation", "EventMsg":"Success"}
2020-11-04 15:25:15.495  INFO 16856 --- [http-nio-8080-exec-9] c.e.demo.controllers.UserController      : {"EventDate":"Wed Nov 04 15:25:15 CET 2020", "EventType": "UserCreation", "EventMsg":"Success"}
2020-11-04 15:27:22.562  INFO 16856 --- [http-nio-8080-exec-6] c.e.demo.controllers.UserController      : {"EventDate":"Wed Nov 04 15:27:22 CET 2020", "EventType": "UserCreation", "EventMsg":"Success"}
2020-11-04 15:29:33.281  INFO 16856 --- [http-nio-8080-exec-2] o.h.h.i.QueryTranslatorFactoryInitiator  : HHH000397: Using ASTQueryTranslatorFactory
2020-11-04 15:31:18.560  INFO 16856 --- [http-nio-8080-exec-8] c.e.demo.controllers.UserController      : {"EventDate":"Wed Nov 04 15:31:18 CET 2020", "EventType": "OrderSubmission", "EventMsg":"Success"}
2020-11-04 15:31:42.073  INFO 16856 --- [http-nio-8080-exec-7] c.e.demo.controllers.UserController      : {"EventDate":"Wed Nov 04 15:31:42 CET 2020", "EventType": "OrderSubmission", "EventMsg":"Failure"}
